GCASM List File (GCBASIC 0.99.01 2022-01-27 (Windows 64 bit) : Build 1073)

Symbols:
A 	EQU 	0
ABDEN 	EQU 	0
ABDOVF 	EQU 	7
ACCESS 	EQU 	0
ACKDT 	EQU 	5
ACKEN 	EQU 	4
ACKSTAT 	EQU 	6
ADCON0 	EQU 	31
ADCON0_GO_DONE 	EQU 	1
ADCON1 	EQU 	159
ADCS0 	EQU 	6
ADCS1 	EQU 	7
ADDEN 	EQU 	3
ADFM 	EQU 	7
ADIE 	EQU 	6
ADIF 	EQU 	6
ADON 	EQU 	0
ADREADPORT 	EQU 	32
ADRESH 	EQU 	30
ADRESL 	EQU 	158
ADTEMP 	EQU 	33
ALLANSEL 	EQU 	392
ALLANSEL_H 	EQU 	393
ANS0 	EQU 	0
ANS1 	EQU 	1
ANS10 	EQU 	2
ANS11 	EQU 	3
ANS12 	EQU 	4
ANS13 	EQU 	5
ANS2 	EQU 	2
ANS3 	EQU 	3
ANS4 	EQU 	4
ANS5 	EQU 	5
ANS6 	EQU 	6
ANS7 	EQU 	7
ANS8 	EQU 	0
ANS9 	EQU 	1
ANSEL 	EQU 	392
ANSELH 	EQU 	393
B 	EQU 	1
BANKED 	EQU 	1
BASPROGRAMEND 	EQU 	204
BASPROGRAMSTART 	EQU 	5
BAUDCTL 	EQU 	391
BCLIE 	EQU 	3
BCLIF 	EQU 	3
BF 	EQU 	0
BRG0 	EQU 	0
BRG1 	EQU 	1
BRG10 	EQU 	2
BRG11 	EQU 	3
BRG12 	EQU 	4
BRG13 	EQU 	5
BRG14 	EQU 	6
BRG15 	EQU 	7
BRG16 	EQU 	3
BRG2 	EQU 	2
BRG3 	EQU 	3
BRG4 	EQU 	4
BRG5 	EQU 	5
BRG6 	EQU 	6
BRG7 	EQU 	7
BRG8 	EQU 	0
BRG9 	EQU 	1
BRGH 	EQU 	2
C 	EQU 	0
C1CH0 	EQU 	0
C1CH1 	EQU 	1
C1IE 	EQU 	5
C1IF 	EQU 	5
C1OE 	EQU 	5
C1ON 	EQU 	7
C1OUT 	EQU 	6
C1POL 	EQU 	4
C1R 	EQU 	2
C1RSEL 	EQU 	5
C1SEN 	EQU 	5
C2CH0 	EQU 	0
C2CH1 	EQU 	1
C2IE 	EQU 	6
C2IF 	EQU 	6
C2OE 	EQU 	5
C2ON 	EQU 	7
C2OUT 	EQU 	6
C2POL 	EQU 	4
C2R 	EQU 	2
C2REN 	EQU 	4
C2RSEL 	EQU 	4
C2SYNC 	EQU 	0
CCP1CON 	EQU 	23
CCP1IE 	EQU 	2
CCP1IF 	EQU 	2
CCP1M0 	EQU 	0
CCP1M1 	EQU 	1
CCP1M2 	EQU 	2
CCP1M3 	EQU 	3
CCP1X 	EQU 	5
CCP1Y 	EQU 	4
CCP2CON 	EQU 	29
CCP2IE 	EQU 	0
CCP2IF 	EQU 	0
CCP2M0 	EQU 	0
CCP2M1 	EQU 	1
CCP2M2 	EQU 	2
CCP2M3 	EQU 	3
CCP2X 	EQU 	5
CCP2Y 	EQU 	4
CCPR1 	EQU 	21
CCPR1H 	EQU 	22
CCPR1L 	EQU 	21
CCPR2 	EQU 	27
CCPR2H 	EQU 	28
CCPR2L 	EQU 	27
CHECKBUSYFLAG 	EQU 	206
CHS0 	EQU 	2
CHS1 	EQU 	3
CHS2 	EQU 	4
CHS3 	EQU 	5
CKE 	EQU 	6
CKP 	EQU 	4
CLS 	EQU 	233
CM1CON0 	EQU 	263
CM2CON0 	EQU 	264
CM2CON1 	EQU 	265
CREN 	EQU 	4
CSRC 	EQU 	7
D 	EQU 	5
D10US_START 	EQU 	249
DATA_ADDRESS 	EQU 	5
DC 	EQU 	1
DC1B0 	EQU 	4
DC1B1 	EQU 	5
DC2B0 	EQU 	4
DC2B1 	EQU 	5
DELAYTEMP 	EQU 	112
DELAYTEMP2 	EQU 	113
DELAYUS0 	EQU 	251
DELAYUS1 	EQU 	246
DELAYUS2 	EQU 	331
DELAYUS3 	EQU 	420
DELAY_10US 	EQU 	249
DELAY_MS 	EQU 	257
DIV8NOTNEG 	EQU 	670
DMS_INNER 	EQU 	262
DMS_OUTER 	EQU 	260
DMS_START 	EQU 	258
D_A 	EQU 	5
D_NOT_A 	EQU 	5
ECCPAS 	EQU 	156
ECCPAS0 	EQU 	4
ECCPAS1 	EQU 	5
ECCPAS2 	EQU 	6
ECCPASE 	EQU 	7
EEADR 	EQU 	269
EEADRH 	EQU 	271
EECON1 	EQU 	396
EECON2 	EQU 	397
EEDAT 	EQU 	268
EEDATA 	EQU 	268
EEDATH 	EQU 	270
EEIE 	EQU 	4
EEIF 	EQU 	4
EEPGD 	EQU 	7
ELSE1_1 	EQU 	184
ELSE1_2 	EQU 	190
ELSE1_3 	EQU 	196
ELSE1_4 	EQU 	202
ENDIF1 	EQU 	203
ENDIF10 	EQU 	543
ENDIF12 	EQU 	435
ENDIF13 	EQU 	435
ENDIF14 	EQU 	435
ENDIF22 	EQU 	695
ENDIF23 	EQU 	718
ENDIF6 	EQU 	445
ENDIF8 	EQU 	493
ENDIF9 	EQU 	513
F 	EQU 	1
FERR 	EQU 	2
FIREVALUE 	EQU 	34
FN_READAD9 	EQU 	547
FSR 	EQU 	4
FVREN 	EQU 	0
GCEN 	EQU 	7
GIE 	EQU 	7
GO 	EQU 	1
GO_DONE 	EQU 	1
GO_NOT_DONE 	EQU 	1
HTS 	EQU 	2
I2C_DATA 	EQU 	5
I2C_READ 	EQU 	2
I2C_START 	EQU 	3
I2C_STOP 	EQU 	4
INDF 	EQU 	0
INITLCD 	EQU 	271
INITSYS 	EQU 	347
INTCON 	EQU 	11
INTE 	EQU 	4
INTEDG 	EQU 	6
INTF 	EQU 	1
IOCB 	EQU 	150
IOCB0 	EQU 	0
IOCB1 	EQU 	1
IOCB2 	EQU 	2
IOCB3 	EQU 	3
IOCB4 	EQU 	4
IOCB5 	EQU 	5
IOCB6 	EQU 	6
IOCB7 	EQU 	7
IRCF0 	EQU 	4
IRCF1 	EQU 	5
IRCF2 	EQU 	6
IRP 	EQU 	7
LCDBYTE 	EQU 	35
LCDCOLUMN 	EQU 	36
LCDLINE 	EQU 	37
LCDNORMALWRITEBYTE 	EQU 	376
LCDVALUE 	EQU 	38
LCDVALUETEMP 	EQU 	39
LCD_STATE 	EQU 	40
LOCATE 	EQU 	436
LTS 	EQU 	1
MC1OUT 	EQU 	7
MC2OUT 	EQU 	6
MSK 	EQU 	147
MSK0 	EQU 	0
MSK1 	EQU 	1
MSK2 	EQU 	2
MSK3 	EQU 	3
MSK4 	EQU 	4
MSK5 	EQU 	5
MSK6 	EQU 	6
MSK7 	EQU 	7
MUL8LOOP 	EQU 	730
NOT_A 	EQU 	5
NOT_ADDRESS 	EQU 	5
NOT_BO 	EQU 	0
NOT_BOR 	EQU 	0
NOT_DONE 	EQU 	1
NOT_PD 	EQU 	3
NOT_POR 	EQU 	1
NOT_RBPU 	EQU 	7
NOT_RC8 	EQU 	6
NOT_T1SYNC 	EQU 	2
NOT_TO 	EQU 	4
NOT_TX8 	EQU 	6
NOT_W 	EQU 	2
NOT_WRITE 	EQU 	2
OERR 	EQU 	1
OPTION_REG 	EQU 	129
OSCCON 	EQU 	143
OSCTUNE 	EQU 	144
OSFIE 	EQU 	7
OSFIF 	EQU 	7
OSTS 	EQU 	3
P 	EQU 	4
P1M0 	EQU 	6
P1M1 	EQU 	7
PCL 	EQU 	2
PCLATH 	EQU 	10
PCON 	EQU 	142
PDC0 	EQU 	0
PDC1 	EQU 	1
PDC2 	EQU 	2
PDC3 	EQU 	3
PDC4 	EQU 	4
PDC5 	EQU 	5
PDC6 	EQU 	6
PEIE 	EQU 	6
PEN 	EQU 	2
PIE1 	EQU 	140
PIE2 	EQU 	141
PIR1 	EQU 	12
PIR2 	EQU 	13
PORTA 	EQU 	5
PORTB 	EQU 	6
PORTC 	EQU 	7
PORTD 	EQU 	8
PORTE 	EQU 	9
PR2 	EQU 	146
PRINT111 	EQU 	460
PRINT112 	EQU 	494
PRINTLEN 	EQU 	41
PRSEN 	EQU 	7
PS0 	EQU 	0
PS1 	EQU 	1
PS2 	EQU 	2
PSA 	EQU 	3
PSSAC0 	EQU 	2
PSSAC1 	EQU 	3
PSSBD0 	EQU 	0
PSSBD1 	EQU 	1
PSTRCON 	EQU 	157
PULSR 	EQU 	2
PULSS 	EQU 	3
PWM1CON 	EQU 	155
R 	EQU 	2
RA0 	EQU 	0
RA1 	EQU 	1
RA2 	EQU 	2
RA3 	EQU 	3
RA4 	EQU 	4
RA5 	EQU 	5
RA6 	EQU 	6
RA7 	EQU 	7
RB0 	EQU 	0
RB1 	EQU 	1
RB2 	EQU 	2
RB3 	EQU 	3
RB4 	EQU 	4
RB5 	EQU 	5
RB6 	EQU 	6
RB7 	EQU 	7
RBIE 	EQU 	3
RBIF 	EQU 	0
RC0 	EQU 	0
RC1 	EQU 	1
RC2 	EQU 	2
RC3 	EQU 	3
RC4 	EQU 	4
RC5 	EQU 	5
RC6 	EQU 	6
RC7 	EQU 	7
RC8_9 	EQU 	6
RC9 	EQU 	6
RCD8 	EQU 	0
RCEN 	EQU 	3
RCIDL 	EQU 	6
RCIE 	EQU 	5
RCIF 	EQU 	5
RCREG 	EQU 	26
RCSTA 	EQU 	24
RD 	EQU 	0
RD0 	EQU 	0
RD1 	EQU 	1
RD2 	EQU 	2
RD3 	EQU 	3
RD4 	EQU 	4
RD5 	EQU 	5
RD6 	EQU 	6
RD7 	EQU 	7
RE0 	EQU 	0
RE1 	EQU 	1
RE2 	EQU 	2
RE3 	EQU 	3
READAD 	EQU 	42
READ_WRITE 	EQU 	2
REVERSE 	EQU 	604
RP0 	EQU 	5
RP1 	EQU 	6
RSEN 	EQU 	1
RX9 	EQU 	6
RX9D 	EQU 	0
R_NOT_W 	EQU 	2
R_W 	EQU 	2
S 	EQU 	3
SBOREN 	EQU 	4
SCKP 	EQU 	4
SCS 	EQU 	0
SEN 	EQU 	0
SENDB 	EQU 	3
SMP 	EQU 	7
SPBRG 	EQU 	153
SPBRGH 	EQU 	154
SPEN 	EQU 	7
SR0 	EQU 	6
SR1 	EQU 	7
SRCON 	EQU 	389
SREN 	EQU 	5
SSPADD 	EQU 	147
SSPBUF 	EQU 	19
SSPCON 	EQU 	20
SSPCON2 	EQU 	145
SSPEN 	EQU 	5
SSPIE 	EQU 	3
SSPIF 	EQU 	3
SSPM0 	EQU 	0
SSPM1 	EQU 	1
SSPM2 	EQU 	2
SSPM3 	EQU 	3
SSPMSK 	EQU 	147
SSPMSK_MSK0 	EQU 	0
SSPMSK_MSK1 	EQU 	1
SSPMSK_MSK2 	EQU 	2
SSPMSK_MSK3 	EQU 	3
SSPMSK_MSK4 	EQU 	4
SSPMSK_MSK5 	EQU 	5
SSPMSK_MSK6 	EQU 	6
SSPMSK_MSK7 	EQU 	7
SSPOV 	EQU 	6
SSPSTAT 	EQU 	148
STATUS 	EQU 	3
STRA 	EQU 	0
STRAIGHT 	EQU 	622
STRB 	EQU 	1
STRC 	EQU 	2
STRD 	EQU 	3
STRINGPOINTER 	EQU 	43
STRINGTABLE1 	EQU 	776
STRINGTABLE2 	EQU 	784
STRINGTABLE3 	EQU 	791
STRSYNC 	EQU 	4
SWDTEN 	EQU 	0
SYNC 	EQU 	4
SYSBYTETEMPA 	EQU 	117
SYSBYTETEMPB 	EQU 	121
SYSBYTETEMPX 	EQU 	112
SYSCALCTEMPA 	EQU 	117
SYSCALCTEMPX 	EQU 	112
SYSCOMPEQUAL 	EQU 	629
SYSCOMPEQUAL16 	EQU 	635
SYSCOMPLESSTHAN 	EQU 	646
SYSDIV16START 	EQU 	697
SYSDIV8START 	EQU 	659
SYSDIVLOOP 	EQU 	116
SYSDIVMULTA 	EQU 	119
SYSDIVMULTA_H 	EQU 	120
SYSDIVMULTB 	EQU 	123
SYSDIVMULTB_H 	EQU 	124
SYSDIVMULTX 	EQU 	114
SYSDIVMULTX_H 	EQU 	115
SYSDIVSUB 	EQU 	653
SYSDIVSUB16 	EQU 	673
SYSDOLOOP_E1 	EQU 	204
SYSDOLOOP_E2 	EQU 	567
SYSDOLOOP_E3 	EQU 	229
SYSDOLOOP_S1 	EQU 	26
SYSDOLOOP_S2 	EQU 	559
SYSDOLOOP_S3 	EQU 	216
SYSFORLOOP1 	EQU 	473
SYSFORLOOPEND1 	EQU 	493
SYSLCDTEMP 	EQU 	44
SYSMULTSUB 	EQU 	729
SYSPRINTDATAHANDLER 	EQU 	45
SYSPRINTDATAHANDLER_H 	EQU 	46
SYSPRINTTEMP 	EQU 	47
SYSREADADBYTE 	EQU 	42
SYSREADSTRING 	EQU 	741
SYSREADSTRINGPART 	EQU 	751
SYSREPEATLOOP1 	EQU 	309
SYSREPEATLOOPEND1 	EQU 	319
SYSREPEATTEMP1 	EQU 	48
SYSSTRINGA 	EQU 	119
SYSSTRINGA_H 	EQU 	120
SYSSTRINGB 	EQU 	114
SYSSTRINGB_H 	EQU 	115
SYSSTRINGLENGTH 	EQU 	118
SYSSTRINGPARAM1 	EQU 	488
SYSSTRINGREAD 	EQU 	763
SYSSTRINGREADCHECK 	EQU 	760
SYSSTRINGTABLES 	EQU 	769
SYSTEMP1 	EQU 	49
SYSTEMP1_H 	EQU 	50
SYSTEMP2 	EQU 	51
SYSTEMP2_H 	EQU 	52
SYSWAITLOOP1 	EQU 	587
SYSWAITTEMP10US 	EQU 	117
SYSWAITTEMPMS 	EQU 	114
SYSWAITTEMPMS_H 	EQU 	115
SYSWAITTEMPUS 	EQU 	117
SYSWAITTEMPUS_H 	EQU 	118
SYSWORDTEMPA 	EQU 	117
SYSWORDTEMPA_H 	EQU 	118
SYSWORDTEMPB 	EQU 	121
SYSWORDTEMPB_H 	EQU 	122
SYSWORDTEMPX 	EQU 	112
SYSWORDTEMPX_H 	EQU 	113
T0CS 	EQU 	5
T0IE 	EQU 	5
T0IF 	EQU 	2
T0SE 	EQU 	4
T1CKPS0 	EQU 	4
T1CKPS1 	EQU 	5
T1CON 	EQU 	16
T1GINV 	EQU 	7
T1GIV 	EQU 	7
T1GSS 	EQU 	1
T1INSYNC 	EQU 	2
T1OSCEN 	EQU 	3
T1SYNC 	EQU 	2
T2CKPS0 	EQU 	0
T2CKPS1 	EQU 	1
T2CON 	EQU 	18
TMR0 	EQU 	1
TMR0IE 	EQU 	5
TMR0IF 	EQU 	2
TMR1 	EQU 	14
TMR1CS 	EQU 	1
TMR1GE 	EQU 	6
TMR1H 	EQU 	15
TMR1IE 	EQU 	0
TMR1IF 	EQU 	0
TMR1L 	EQU 	14
TMR1ON 	EQU 	0
TMR2 	EQU 	17
TMR2IE 	EQU 	1
TMR2IF 	EQU 	1
TMR2ON 	EQU 	2
TOUTPS0 	EQU 	3
TOUTPS1 	EQU 	4
TOUTPS2 	EQU 	5
TOUTPS3 	EQU 	6
TRISA 	EQU 	133
TRISA0 	EQU 	0
TRISA1 	EQU 	1
TRISA2 	EQU 	2
TRISA3 	EQU 	3
TRISA4 	EQU 	4
TRISA5 	EQU 	5
TRISA6 	EQU 	6
TRISA7 	EQU 	7
TRISB 	EQU 	134
TRISB0 	EQU 	0
TRISB1 	EQU 	1
TRISB2 	EQU 	2
TRISB3 	EQU 	3
TRISB4 	EQU 	4
TRISB5 	EQU 	5
TRISB6 	EQU 	6
TRISB7 	EQU 	7
TRISC 	EQU 	135
TRISC0 	EQU 	0
TRISC1 	EQU 	1
TRISC2 	EQU 	2
TRISC3 	EQU 	3
TRISC4 	EQU 	4
TRISC5 	EQU 	5
TRISC6 	EQU 	6
TRISC7 	EQU 	7
TRISD 	EQU 	136
TRISD0 	EQU 	0
TRISD1 	EQU 	1
TRISD2 	EQU 	2
TRISD3 	EQU 	3
TRISD4 	EQU 	4
TRISD5 	EQU 	5
TRISD6 	EQU 	6
TRISD7 	EQU 	7
TRISE 	EQU 	137
TRISE0 	EQU 	0
TRISE1 	EQU 	1
TRISE2 	EQU 	2
TRISE3 	EQU 	3
TRMT 	EQU 	1
TUN0 	EQU 	0
TUN1 	EQU 	1
TUN2 	EQU 	2
TUN3 	EQU 	3
TUN4 	EQU 	4
TURNLEFT 	EQU 	799
TURNLEFTSHARP 	EQU 	812
TURNRIGHT 	EQU 	825
TX8_9 	EQU 	6
TX9 	EQU 	6
TX9D 	EQU 	0
TXD8 	EQU 	0
TXEN 	EQU 	5
TXIE 	EQU 	4
TXIF 	EQU 	4
TXREG 	EQU 	25
TXSTA 	EQU 	152
UA 	EQU 	1
ULPWUE 	EQU 	5
ULPWUIE 	EQU 	2
ULPWUIF 	EQU 	2
VCFG0 	EQU 	4
VCFG1 	EQU 	5
VR0 	EQU 	0
VR1 	EQU 	1
VR2 	EQU 	2
VR3 	EQU 	3
VRCON 	EQU 	151
VREN 	EQU 	7
VROE 	EQU 	6
VRR 	EQU 	5
VRSS 	EQU 	4
W 	EQU 	0
WALLDIST1 	EQU 	53
WALLDIST2 	EQU 	54
WCOL 	EQU 	7
WDTCON 	EQU 	261
WDTPS0 	EQU 	1
WDTPS1 	EQU 	2
WDTPS2 	EQU 	3
WDTPS3 	EQU 	4
WPUB 	EQU 	149
WPUB0 	EQU 	0
WPUB1 	EQU 	1
WPUB2 	EQU 	2
WPUB3 	EQU 	3
WPUB4 	EQU 	4
WPUB5 	EQU 	5
WPUB6 	EQU 	6
WPUB7 	EQU 	7
WR 	EQU 	1
WREN 	EQU 	2
WRERR 	EQU 	3
WUE 	EQU 	1
Z 	EQU 	2

Code:
Loc	Obj Code	Original Assembly


























































000000	118A	PAGESEL BASPROGRAMSTART
000000	118A 120A	PAGESEL BASPROGRAMSTART
000002	2805	GOTO BASPROGRAMSTART

000004	0009	RETFIE



		BASPROGRAMSTART
000005	215B	CALL INITSYS
000006	210F	CALL INITLCD

000000	1683	BANKSEL TRISB
000000	1683 1303	BANKSEL TRISB
000009	1106	BCF TRISB,2
00000A	1186	BCF TRISB,3
00000B	1206	BCF TRISB,4
00000C	1286	BCF TRISB,5
00000D	1585	BSF TRISA,3
00000E	1405	BSF TRISA,0
00000F	1485	BSF TRISA,1
000010	1685	BSF TRISA,5
000011	1086	BCF TRISB,1
000000	1283	BANKSEL PORTB
000000	1283 1303	BANKSEL PORTB
000014	1086	BCF PORTB,1
000015	1585	BSF PORTA,3
000016	1506	BSF PORTB,2
000017	1606	BSF PORTB,4
000018	1186	BCF PORTB,3
000019	1286	BCF PORTB,5
		SYSDOLOOP_S1
00001A	01A0	CLRF ADREADPORT
00001B	2223	CALL FN_READAD9
00001C	082A	MOVF SYSREADADBYTE,W
00001D	00B5	MOVWF WALLDIST1
00001E	3003	MOVLW 3
00001F	0235	SUBWF WALLDIST1,W
000020	00B1	MOVWF SYSTEMP1
000021	3083	MOVLW 131
000022	00F5	MOVWF SYSWORDTEMPA
000023	301A	MOVLW 26
000024	00F6	MOVWF SYSWORDTEMPA_H
000025	0831	MOVF SYSTEMP1,W
000026	00F9	MOVWF SYSWORDTEMPB
000027	01FA	CLRF SYSWORDTEMPB_H
000028	22A1	CALL SYSDIVSUB16
000029	0875	MOVF SYSWORDTEMPA,W
00002A	00B3	MOVWF SYSTEMP2
00002B	0876	MOVF SYSWORDTEMPA_H,W
00002C	00B4	MOVWF SYSTEMP2_H
00002D	3004	MOVLW 4
00002E	0233	SUBWF SYSTEMP2,W
00002F	00B1	MOVWF SYSTEMP1
000030	0834	MOVF SYSTEMP2_H,W
000031	00B2	MOVWF SYSTEMP1_H
000032	3000	MOVLW 0
000033	1C03	BTFSS STATUS,C
000034	3001	MOVLW 0 + 1
000035	02B2	SUBWF SYSTEMP1_H,F
000036	0831	MOVF SYSTEMP1,W
000037	00F5	MOVWF SYSWORDTEMPA
000038	0832	MOVF SYSTEMP1_H,W
000039	00F6	MOVWF SYSWORDTEMPA_H
00003A	3005	MOVLW 5
00003B	00F9	MOVWF SYSWORDTEMPB
00003C	01FA	CLRF SYSWORDTEMPB_H
00003D	22A1	CALL SYSDIVSUB16
00003E	0875	MOVF SYSWORDTEMPA,W
00003F	00B5	MOVWF WALLDIST1
000040	3001	MOVLW 1
000041	00A0	MOVWF ADREADPORT
000042	2223	CALL FN_READAD9
000043	082A	MOVF SYSREADADBYTE,W
000044	00B6	MOVWF WALLDIST2
000045	3003	MOVLW 3
000046	0236	SUBWF WALLDIST2,W
000047	00B1	MOVWF SYSTEMP1
000048	3083	MOVLW 131
000049	00F5	MOVWF SYSWORDTEMPA
00004A	301A	MOVLW 26
00004B	00F6	MOVWF SYSWORDTEMPA_H
00004C	0831	MOVF SYSTEMP1,W
00004D	00F9	MOVWF SYSWORDTEMPB
00004E	01FA	CLRF SYSWORDTEMPB_H
00004F	22A1	CALL SYSDIVSUB16
000050	0875	MOVF SYSWORDTEMPA,W
000051	00B3	MOVWF SYSTEMP2
000052	0876	MOVF SYSWORDTEMPA_H,W
000053	00B4	MOVWF SYSTEMP2_H
000054	3004	MOVLW 4
000055	0233	SUBWF SYSTEMP2,W
000056	00B1	MOVWF SYSTEMP1
000057	0834	MOVF SYSTEMP2_H,W
000058	00B2	MOVWF SYSTEMP1_H
000059	3000	MOVLW 0
00005A	1C03	BTFSS STATUS,C
00005B	3001	MOVLW 0 + 1
00005C	02B2	SUBWF SYSTEMP1_H,F
00005D	0831	MOVF SYSTEMP1,W
00005E	00F5	MOVWF SYSWORDTEMPA
00005F	0832	MOVF SYSTEMP1_H,W
000060	00F6	MOVWF SYSWORDTEMPA_H
000061	3005	MOVLW 5
000062	00F9	MOVWF SYSWORDTEMPB
000063	01FA	CLRF SYSWORDTEMPB_H
000064	22A1	CALL SYSDIVSUB16
000065	0875	MOVF SYSWORDTEMPA,W
000066	00B6	MOVWF WALLDIST2
000067	3004	MOVLW 4
000068	00A0	MOVWF ADREADPORT
000069	2223	CALL FN_READAD9
00006A	082A	MOVF SYSREADADBYTE,W
00006B	00A2	MOVWF FIREVALUE
00006C	20E9	CALL CLS
00006D	01A5	CLRF LCDLINE
00006E	01A4	CLRF LCDCOLUMN
00006F	21B4	CALL LOCATE
000070	30E8	MOVLW LOW SYSSTRINGPARAM1
000071	00F2	MOVWF SYSSTRINGB
000072	3001	MOVLW HIGH SYSSTRINGPARAM1
000073	00F3	MOVWF SYSSTRINGB_H
000074	3008	MOVLW LOW STRINGTABLE1
000075	00F7	MOVWF SYSSTRINGA
000076	3003	MOVLW HIGH STRINGTABLE1
000077	00F8	MOVWF SYSSTRINGA_H
000078	22E5	CALL SYSREADSTRING
000079	30E8	MOVLW LOW SYSSTRINGPARAM1
00007A	00AD	MOVWF SYSPRINTDATAHANDLER
00007B	3001	MOVLW HIGH SYSSTRINGPARAM1
00007C	00AE	MOVWF SYSPRINTDATAHANDLER_H
00007D	21CC	CALL PRINT111
00007E	0835	MOVF WALLDIST1,W
00007F	00A6	MOVWF LCDVALUE
000080	21EE	CALL PRINT112
000081	3001	MOVLW 1
000082	00A5	MOVWF LCDLINE
000083	01A4	CLRF LCDCOLUMN
000084	21B4	CALL LOCATE
000085	30E8	MOVLW LOW SYSSTRINGPARAM1
000086	00F2	MOVWF SYSSTRINGB
000087	3001	MOVLW HIGH SYSSTRINGPARAM1
000088	00F3	MOVWF SYSSTRINGB_H
000089	3010	MOVLW LOW STRINGTABLE2
00008A	00F7	MOVWF SYSSTRINGA
00008B	3003	MOVLW HIGH STRINGTABLE2
00008C	00F8	MOVWF SYSSTRINGA_H
00008D	22E5	CALL SYSREADSTRING
00008E	30E8	MOVLW LOW SYSSTRINGPARAM1
00008F	00AD	MOVWF SYSPRINTDATAHANDLER
000090	3001	MOVLW HIGH SYSSTRINGPARAM1
000091	00AE	MOVWF SYSPRINTDATAHANDLER_H
000092	21CC	CALL PRINT111
000093	0836	MOVF WALLDIST2,W
000094	00A6	MOVWF LCDVALUE
000095	21EE	CALL PRINT112
000096	0835	MOVF WALLDIST1,W
000097	00F9	MOVWF SYSBYTETEMPB
000098	300A	MOVLW 10
000099	00F5	MOVWF SYSBYTETEMPA
00009A	2286	CALL SYSCOMPLESSTHAN
00009B	09F0	COMF SYSBYTETEMPX,F
00009C	0870	MOVF SYSBYTETEMPX,W
00009D	00B1	MOVWF SYSTEMP1
00009E	0835	MOVF WALLDIST1,W
00009F	00F9	MOVWF SYSBYTETEMPB
0000A0	3004	MOVLW 4
0000A1	00F5	MOVWF SYSBYTETEMPA
0000A2	2286	CALL SYSCOMPLESSTHAN
0000A3	0831	MOVF SYSTEMP1,W
0000A4	0570	ANDWF SYSBYTETEMPX,W
0000A5	00B3	MOVWF SYSTEMP2
0000A6	1C33	BTFSS SYSTEMP2,0
0000A7	28B8	GOTO ELSE1_1
0000A8	30E8	MOVLW LOW SYSSTRINGPARAM1
0000A9	00F2	MOVWF SYSSTRINGB
0000AA	3001	MOVLW HIGH SYSSTRINGPARAM1
0000AB	00F3	MOVWF SYSSTRINGB_H
0000AC	3017	MOVLW LOW STRINGTABLE3
0000AD	00F7	MOVWF SYSSTRINGA
0000AE	3003	MOVLW HIGH STRINGTABLE3
0000AF	00F8	MOVWF SYSSTRINGA_H
0000B0	22E5	CALL SYSREADSTRING
0000B1	30E8	MOVLW LOW SYSSTRINGPARAM1
0000B2	00AD	MOVWF SYSPRINTDATAHANDLER
0000B3	3001	MOVLW HIGH SYSSTRINGPARAM1
0000B4	00AE	MOVWF SYSPRINTDATAHANDLER_H
0000B5	21CC	CALL PRINT111
0000B6	225C	CALL REVERSE
0000B7	28CB	GOTO ENDIF1
		ELSE1_1
0000B8	0836	MOVF WALLDIST2,W
0000B9	3C19	SUBLW 25
0000BA	1803	BTFSC STATUS, C
0000BB	28BE	GOTO ELSE1_2
0000BC	232C	CALL TURNLEFTSHARP
0000BD	28CB	GOTO ENDIF1
		ELSE1_2
0000BE	0836	MOVF WALLDIST2,W
0000BF	3C14	SUBLW 20
0000C0	1803	BTFSC STATUS, C
0000C1	28C4	GOTO ELSE1_3
0000C2	231F	CALL TURNLEFT
0000C3	28CB	GOTO ENDIF1
		ELSE1_3
0000C4	300A	MOVLW 10
0000C5	0236	SUBWF WALLDIST2,W
0000C6	1803	BTFSC STATUS, C
0000C7	28CA	GOTO ELSE1_4
0000C8	2339	CALL TURNRIGHT
0000C9	28CB	GOTO ENDIF1
		ELSE1_4
0000CA	226E	CALL STRAIGHT
		ENDIF1
0000CB	281A	GOTO SYSDOLOOP_S1
		SYSDOLOOP_E1
		BASPROGRAMEND
0000CC	0063	SLEEP
0000CD	28CC	GOTO BASPROGRAMEND


		CHECKBUSYFLAG
0000CE	112C	BCF SYSLCDTEMP,2
0000CF	1808	BTFSC PORTD,0
0000D0	152C	BSF SYSLCDTEMP,2
000000	1683	BANKSEL TRISD
000000	1683 1303	BANKSEL TRISD
0000D3	1788	BSF TRISD,7
000000	1283	BANKSEL PORTD
000000	1283 1303	BANKSEL PORTD
0000D6	1008	BCF PORTD,0
0000D7	1488	BSF PORTD,1
		SYSDOLOOP_S3
0000D8	1508	BSF PORTD,2
0000D9	28DA	GOTO $+1
0000DA	13AC	BCF SYSLCDTEMP,7
0000DB	1B88	BTFSC PORTD,7
0000DC	17AC	BSF SYSLCDTEMP,7
0000DD	1108	BCF PORTD,2
0000DE	28DF	GOTO $+1
0000DF	1508	BSF PORTD,2
0000E0	0000	NOP
0000E1	1108	BCF PORTD,2
0000E2	28E3	GOTO $+1
0000E3	1BAC	BTFSC SYSLCDTEMP,7
0000E4	28D8	GOTO SYSDOLOOP_S3
		SYSDOLOOP_E3
0000E5	1008	BCF PORTD,0
0000E6	192C	BTFSC SYSLCDTEMP,2
0000E7	1408	BSF PORTD,0
0000E8	0008	RETURN


		CLS
0000E9	1008	BCF PORTD,0
0000EA	3001	MOVLW 1
0000EB	00A3	MOVWF LCDBYTE
0000EC	2178	CALL LCDNORMALWRITEBYTE
0000ED	3004	MOVLW 4
0000EE	00F2	MOVWF SYSWAITTEMPMS
0000EF	01F3	CLRF SYSWAITTEMPMS_H
0000F0	2101	CALL DELAY_MS
0000F1	3080	MOVLW 128
0000F2	00A3	MOVWF LCDBYTE
0000F3	2178	CALL LCDNORMALWRITEBYTE
0000F4	3021	MOVLW 33
0000F5	00F0	MOVWF DELAYTEMP
		DELAYUS1
0000F6	0BF0	DECFSZ DELAYTEMP,F
0000F7	28F6	GOTO DELAYUS1
0000F8	0008	RETURN


		DELAY_10US
		D10US_START
0000F9	3005	MOVLW 5
0000FA	00F0	MOVWF DELAYTEMP
		DELAYUS0
0000FB	0BF0	DECFSZ DELAYTEMP,F
0000FC	28FB	GOTO DELAYUS0
0000FD	0000	NOP
0000FE	0BF5	DECFSZ SYSWAITTEMP10US, F
0000FF	28F9	GOTO D10US_START
000100	0008	RETURN


		DELAY_MS
000101	0AF3	INCF SYSWAITTEMPMS_H, F
		DMS_START
000102	3004	MOVLW 4
000103	00F1	MOVWF DELAYTEMP2
		DMS_OUTER
000104	30A5	MOVLW 165
000105	00F0	MOVWF DELAYTEMP
		DMS_INNER
000106	0BF0	DECFSZ DELAYTEMP, F
000107	2906	GOTO DMS_INNER
000108	0BF1	DECFSZ DELAYTEMP2, F
000109	2904	GOTO DMS_OUTER
00010A	0BF2	DECFSZ SYSWAITTEMPMS, F
00010B	2902	GOTO DMS_START
00010C	0BF3	DECFSZ SYSWAITTEMPMS_H, F
00010D	2902	GOTO DMS_START
00010E	0008	RETURN


		INITLCD
00010F	3032	MOVLW 50
000110	00F2	MOVWF SYSWAITTEMPMS
000111	01F3	CLRF SYSWAITTEMPMS_H
000112	2101	CALL DELAY_MS
000000	1683	BANKSEL TRISD
000000	1683 1303	BANKSEL TRISD
000115	1088	BCF TRISD,1
000000	1283	BANKSEL PORTD
000000	1283 1303	BANKSEL PORTD
000118	1088	BCF PORTD,1
000000	1683	BANKSEL TRISD
000000	1683 1303	BANKSEL TRISD
00011B	1208	BCF TRISD,4
00011C	1288	BCF TRISD,5
00011D	1308	BCF TRISD,6
00011E	1388	BCF TRISD,7
00011F	1008	BCF TRISD,0
000120	1108	BCF TRISD,2
000000	1283	BANKSEL PORTD
000000	1283 1303	BANKSEL PORTD
000123	1008	BCF PORTD,0
000124	1108	BCF PORTD,2
000125	1388	BCF PORTD,7
000126	1308	BCF PORTD,6
000127	1688	BSF PORTD,5
000128	1608	BSF PORTD,4
000129	292A	GOTO $+1
00012A	292B	GOTO $+1
00012B	1508	BSF PORTD,2
00012C	292D	GOTO $+1
00012D	0000	NOP
00012E	1108	BCF PORTD,2
00012F	300A	MOVLW 10
000130	00F2	MOVWF SYSWAITTEMPMS
000131	01F3	CLRF SYSWAITTEMPMS_H
000132	2101	CALL DELAY_MS
000133	3003	MOVLW 3
000134	00B0	MOVWF SYSREPEATTEMP1
		SYSREPEATLOOP1
000135	1508	BSF PORTD,2
000136	2937	GOTO $+1
000137	0000	NOP
000138	1108	BCF PORTD,2
000139	3001	MOVLW 1
00013A	00F2	MOVWF SYSWAITTEMPMS
00013B	01F3	CLRF SYSWAITTEMPMS_H
00013C	2101	CALL DELAY_MS
00013D	0BB0	DECFSZ SYSREPEATTEMP1,F
00013E	2935	GOTO SYSREPEATLOOP1
		SYSREPEATLOOPEND1
00013F	1388	BCF PORTD,7
000140	1308	BCF PORTD,6
000141	1688	BSF PORTD,5
000142	1208	BCF PORTD,4
000143	2944	GOTO $+1
000144	2945	GOTO $+1
000145	1508	BSF PORTD,2
000146	2947	GOTO $+1
000147	0000	NOP
000148	1108	BCF PORTD,2
000149	3042	MOVLW 66
00014A	00F0	MOVWF DELAYTEMP
		DELAYUS2
00014B	0BF0	DECFSZ DELAYTEMP,F
00014C	294B	GOTO DELAYUS2
00014D	0000	NOP
00014E	3028	MOVLW 40
00014F	00A3	MOVWF LCDBYTE
000150	2178	CALL LCDNORMALWRITEBYTE
000151	3006	MOVLW 6
000152	00A3	MOVWF LCDBYTE
000153	2178	CALL LCDNORMALWRITEBYTE
000154	300C	MOVLW 12
000155	00A3	MOVWF LCDBYTE
000156	2178	CALL LCDNORMALWRITEBYTE
000157	20E9	CALL CLS
000158	300C	MOVLW 12
000159	00A8	MOVWF LCD_STATE
00015A	0008	RETURN


		INITSYS
00015B	3070	MOVLW 112
000000	1683	BANKSEL OSCCON
000000	1683 1303	BANKSEL OSCCON
00015E	048F	IORWF OSCCON,F
00015F	308F	MOVLW 143
000160	058F	ANDWF OSCCON,F
000161	170F	BSF OSCCON,IRCF2
000162	168F	BSF OSCCON,IRCF1
000163	160F	BSF OSCCON,IRCF0
000164	139F	BCF ADCON1,ADFM
000000	1283	BANKSEL ADCON0
000000	1283 1303	BANKSEL ADCON0
000167	101F	BCF ADCON0,ADON
000000	1683	BANKSEL ANSEL
000000	1683 1703	BANKSEL ANSEL
00016A	0188	CLRF ANSEL
00016B	0189	CLRF ANSELH
000000	1283	BANKSEL CM2CON0
000000	1283 1703	BANKSEL CM2CON0
00016E	1388	BCF CM2CON0,C2ON
00016F	1387	BCF CM1CON0,C1ON
000000	1283	BANKSEL PORTA
000000	1283 1303	BANKSEL PORTA
000172	0185	CLRF PORTA
000173	0186	CLRF PORTB
000174	0187	CLRF PORTC
000175	0188	CLRF PORTD
000176	0189	CLRF PORTE
000177	0008	RETURN


		LCDNORMALWRITEBYTE
000178	20CE	CALL CHECKBUSYFLAG
000179	1088	BCF PORTD,1
000000	1683	BANKSEL TRISD
000000	1683 1303	BANKSEL TRISD
00017C	1208	BCF TRISD,4
00017D	1288	BCF TRISD,5
00017E	1308	BCF TRISD,6
00017F	1388	BCF TRISD,7
000000	1283	BANKSEL PORTD
000000	1283 1303	BANKSEL PORTD
000182	1388	BCF PORTD,7
000183	1BA3	BTFSC LCDBYTE,7
000184	1788	BSF PORTD,7
000185	1308	BCF PORTD,6
000186	1B23	BTFSC LCDBYTE,6
000187	1708	BSF PORTD,6
000188	1288	BCF PORTD,5
000189	1AA3	BTFSC LCDBYTE,5
00018A	1688	BSF PORTD,5
00018B	1208	BCF PORTD,4
00018C	1A23	BTFSC LCDBYTE,4
00018D	1608	BSF PORTD,4
00018E	298F	GOTO $+1
00018F	1508	BSF PORTD,2
000190	0000	NOP
000191	1108	BCF PORTD,2
000192	1388	BCF PORTD,7
000193	19A3	BTFSC LCDBYTE,3
000194	1788	BSF PORTD,7
000195	1308	BCF PORTD,6
000196	1923	BTFSC LCDBYTE,2
000197	1708	BSF PORTD,6
000198	1288	BCF PORTD,5
000199	18A3	BTFSC LCDBYTE,1
00019A	1688	BSF PORTD,5
00019B	1208	BCF PORTD,4
00019C	1823	BTFSC LCDBYTE,0
00019D	1608	BSF PORTD,4
00019E	299F	GOTO $+1
00019F	1508	BSF PORTD,2
0001A0	0000	NOP
0001A1	1108	BCF PORTD,2
0001A2	3026	MOVLW 38
0001A3	00F0	MOVWF DELAYTEMP
		DELAYUS3
0001A4	0BF0	DECFSZ DELAYTEMP,F
0001A5	29A4	GOTO DELAYUS3
0001A6	0000	NOP
0001A7	1808	BTFSC PORTD,0
0001A8	29B3	GOTO ENDIF12
0001A9	3010	MOVLW 16
0001AA	0223	SUBWF LCDBYTE,W
0001AB	1803	BTFSC STATUS, C
0001AC	29B3	GOTO ENDIF13
0001AD	0823	MOVF LCDBYTE,W
0001AE	3C07	SUBLW 7
0001AF	1803	BTFSC STATUS, C
0001B0	29B3	GOTO ENDIF14
0001B1	0823	MOVF LCDBYTE,W
0001B2	00A8	MOVWF LCD_STATE
		ENDIF14
		ENDIF13
		ENDIF12
0001B3	0008	RETURN


		LOCATE
0001B4	1008	BCF PORTD,0
0001B5	0825	MOVF LCDLINE,W
0001B6	3C01	SUBLW 1
0001B7	1803	BTFSC STATUS, C
0001B8	29BD	GOTO ENDIF6
0001B9	3002	MOVLW 2
0001BA	02A5	SUBWF LCDLINE,F
0001BB	3014	MOVLW 20
0001BC	07A4	ADDWF LCDCOLUMN,F
		ENDIF6
0001BD	0825	MOVF LCDLINE,W
0001BE	00F5	MOVWF SYSBYTETEMPA
0001BF	3040	MOVLW 64
0001C0	00F9	MOVWF SYSBYTETEMPB
0001C1	22D9	CALL SYSMULTSUB
0001C2	0824	MOVF LCDCOLUMN,W
0001C3	0770	ADDWF SYSBYTETEMPX,W
0001C4	00B1	MOVWF SYSTEMP1
0001C5	3080	MOVLW 128
0001C6	0431	IORWF SYSTEMP1,W
0001C7	00A3	MOVWF LCDBYTE
0001C8	2178	CALL LCDNORMALWRITEBYTE
0001C9	3005	MOVLW 5
0001CA	00F5	MOVWF SYSWAITTEMP10US
0001CB	28F9	GOTO DELAY_10US


		PRINT111
0001CC	082D	MOVF SYSPRINTDATAHANDLER,W
0001CD	0084	MOVWF FSR
0001CE	1383	BCF STATUS, IRP
0001CF	182E	BTFSC SYSPRINTDATAHANDLER_H,0
0001D0	1783	BSF STATUS, IRP
0001D1	0800	MOVF INDF,W
0001D2	00A9	MOVWF PRINTLEN
0001D3	08A9	MOVF PRINTLEN,F
0001D4	1903	BTFSC STATUS, Z
0001D5	0008	RETURN
0001D6	1408	BSF PORTD,0
0001D7	3001	MOVLW 1
0001D8	00AF	MOVWF SYSPRINTTEMP
		SYSFORLOOP1
0001D9	082F	MOVF SYSPRINTTEMP,W
0001DA	072D	ADDWF SYSPRINTDATAHANDLER,W
0001DB	0084	MOVWF FSR
0001DC	1383	BCF STATUS, IRP
0001DD	182E	BTFSC SYSPRINTDATAHANDLER_H,0
0001DE	1783	BSF STATUS, IRP
0001DF	0800	MOVF INDF,W
0001E0	00A3	MOVWF LCDBYTE
0001E1	2178	CALL LCDNORMALWRITEBYTE
0001E2	082F	MOVF SYSPRINTTEMP,W
0001E3	0229	SUBWF PRINTLEN,W
0001E4	00B1	MOVWF SYSTEMP1
0001E5	00F5	MOVWF SYSBYTETEMPA
0001E6	01F9	CLRF SYSBYTETEMPB
0001E7	2275	CALL SYSCOMPEQUAL
0001E8	09F0	COMF SYSBYTETEMPX,F
0001E9	1C70	BTFSS SYSBYTETEMPX,0
0001EA	29ED	GOTO ENDIF8
0001EB	0AAF	INCF SYSPRINTTEMP,F
0001EC	29D9	GOTO SYSFORLOOP1
		ENDIF8
		SYSFORLOOPEND1
0001ED	0008	RETURN


		PRINT112
0001EE	01A7	CLRF LCDVALUETEMP
0001EF	1408	BSF PORTD,0
0001F0	3064	MOVLW 100
0001F1	0226	SUBWF LCDVALUE,W
0001F2	1C03	BTFSS STATUS, C
0001F3	2A01	GOTO ENDIF9
0001F4	0826	MOVF LCDVALUE,W
0001F5	00F5	MOVWF SYSBYTETEMPA
0001F6	3064	MOVLW 100
0001F7	00F9	MOVWF SYSBYTETEMPB
0001F8	228D	CALL SYSDIVSUB
0001F9	0875	MOVF SYSBYTETEMPA,W
0001FA	00A7	MOVWF LCDVALUETEMP
0001FB	0870	MOVF SYSCALCTEMPX,W
0001FC	00A6	MOVWF LCDVALUE
0001FD	3030	MOVLW 48
0001FE	0727	ADDWF LCDVALUETEMP,W
0001FF	00A3	MOVWF LCDBYTE
000200	2178	CALL LCDNORMALWRITEBYTE
		ENDIF9
000201	0827	MOVF LCDVALUETEMP,W
000202	00F9	MOVWF SYSBYTETEMPB
000203	01F5	CLRF SYSBYTETEMPA
000204	2286	CALL SYSCOMPLESSTHAN
000205	0870	MOVF SYSBYTETEMPX,W
000206	00B1	MOVWF SYSTEMP1
000207	0826	MOVF LCDVALUE,W
000208	00F5	MOVWF SYSBYTETEMPA
000209	300A	MOVLW 10
00020A	00F9	MOVWF SYSBYTETEMPB
00020B	2286	CALL SYSCOMPLESSTHAN
00020C	09F0	COMF SYSBYTETEMPX,F
00020D	0831	MOVF SYSTEMP1,W
00020E	0470	IORWF SYSBYTETEMPX,W
00020F	00B3	MOVWF SYSTEMP2
000210	1C33	BTFSS SYSTEMP2,0
000211	2A1F	GOTO ENDIF10
000212	0826	MOVF LCDVALUE,W
000213	00F5	MOVWF SYSBYTETEMPA
000214	300A	MOVLW 10
000215	00F9	MOVWF SYSBYTETEMPB
000216	228D	CALL SYSDIVSUB
000217	0875	MOVF SYSBYTETEMPA,W
000218	00A7	MOVWF LCDVALUETEMP
000219	0870	MOVF SYSCALCTEMPX,W
00021A	00A6	MOVWF LCDVALUE
00021B	3030	MOVLW 48
00021C	0727	ADDWF LCDVALUETEMP,W
00021D	00A3	MOVWF LCDBYTE
00021E	2178	CALL LCDNORMALWRITEBYTE
		ENDIF10
00021F	3030	MOVLW 48
000220	0726	ADDWF LCDVALUE,W
000221	00A3	MOVWF LCDBYTE
000222	2978	GOTO LCDNORMALWRITEBYTE


		FN_READAD9
000000	1683	BANKSEL ADCON1
000000	1683 1303	BANKSEL ADCON1
000225	139F	BCF ADCON1,ADFM
000000	1683	BANKSEL ALLANSEL
000000	1683 1703	BANKSEL ALLANSEL
000228	0188	CLRF ALLANSEL
000229	0189	CLRF ALLANSEL_H
000000	1283	BANKSEL ADREADPORT
000000	1283 1303	BANKSEL ADREADPORT
00022C	0A20	INCF ADREADPORT,W
00022D	00A1	MOVWF ADTEMP
00022E	1403	BSF STATUS,C
		SYSDOLOOP_S2
000000	1683	BANKSEL ALLANSEL
000000	1683 1703	BANKSEL ALLANSEL
000231	0D88	RLF ALLANSEL,F
000232	0D89	RLF ALLANSEL_H,F
000000	1283	BANKSEL ADTEMP
000000	1283 1303	BANKSEL ADTEMP
000235	0BA1	DECFSZ ADTEMP,F
000236	2A2F	GOTO SYSDOLOOP_S2
		SYSDOLOOP_E2
000237	139F	BCF ADCON0,ADCS1
000238	171F	BSF ADCON0,ADCS0
000239	111F	BCF ADCON0,CHS0
00023A	119F	BCF ADCON0,CHS1
00023B	121F	BCF ADCON0,CHS2
00023C	129F	BCF ADCON0,CHS3
00023D	1820	BTFSC ADREADPORT,0
00023E	151F	BSF ADCON0,CHS0
00023F	18A0	BTFSC ADREADPORT,1
000240	159F	BSF ADCON0,CHS1
000241	1920	BTFSC ADREADPORT,2
000242	161F	BSF ADCON0,CHS2
000243	19A0	BTFSC ADREADPORT,3
000244	169F	BSF ADCON0,CHS3
000245	141F	BSF ADCON0,ADON
000246	3002	MOVLW 2
000247	00F5	MOVWF SYSWAITTEMP10US
000248	20F9	CALL DELAY_10US
000249	149F	BSF ADCON0,GO_NOT_DONE
00024A	0000	NOP
		SYSWAITLOOP1
00024B	189F	BTFSC ADCON0,GO_NOT_DONE
00024C	2A4B	GOTO SYSWAITLOOP1
00024D	101F	BCF ADCON0,ADON
000000	1683	BANKSEL ANSEL
000000	1683 1703	BANKSEL ANSEL
000250	0188	CLRF ANSEL
000251	0189	CLRF ANSELH
000000	1283	BANKSEL ADRESH
000000	1283 1303	BANKSEL ADRESH
000254	081E	MOVF ADRESH,W
000255	00AA	MOVWF READAD
000000	1683	BANKSEL ADCON1
000000	1683 1303	BANKSEL ADCON1
000258	139F	BCF ADCON1,ADFM
000000	1283	BANKSEL STATUS
000000	1283 1303	BANKSEL STATUS
00025B	0008	RETURN


		REVERSE
00025C	1106	BCF PORTB,2
00025D	1206	BCF PORTB,4
00025E	1586	BSF PORTB,3
00025F	1686	BSF PORTB,5
000260	30EE	MOVLW 238
000261	00F2	MOVWF SYSWAITTEMPMS
000262	3002	MOVLW 2
000263	00F3	MOVWF SYSWAITTEMPMS_H
000264	2101	CALL DELAY_MS
000265	1186	BCF PORTB,3
000266	1286	BCF PORTB,5
000267	1506	BSF PORTB,2
000268	1206	BCF PORTB,4
000269	30F4	MOVLW 244
00026A	00F2	MOVWF SYSWAITTEMPMS
00026B	3001	MOVLW 1
00026C	00F3	MOVWF SYSWAITTEMPMS_H
00026D	2901	GOTO DELAY_MS


		STRAIGHT
00026E	1506	BSF PORTB,2
00026F	1606	BSF PORTB,4
000270	300A	MOVLW 10
000271	00F2	MOVWF SYSWAITTEMPMS
000272	01F3	CLRF SYSWAITTEMPMS_H
000273	2101	CALL DELAY_MS
000274	0008	RETURN


		SYSCOMPEQUAL
000275	01F0	CLRF SYSBYTETEMPX
000276	0875	MOVF SYSBYTETEMPA, W
000277	0279	SUBWF SYSBYTETEMPB, W
000278	1903	BTFSC STATUS, Z
000279	09F0	COMF SYSBYTETEMPX,F
00027A	0008	RETURN


		SYSCOMPEQUAL16
00027B	01F0	CLRF SYSBYTETEMPX
00027C	0875	MOVF SYSWORDTEMPA, W
00027D	0279	SUBWF SYSWORDTEMPB, W
00027E	1D03	BTFSS STATUS, Z
00027F	0008	RETURN
000280	0876	MOVF SYSWORDTEMPA_H, W
000281	027A	SUBWF SYSWORDTEMPB_H, W
000282	1D03	BTFSS STATUS, Z
000283	0008	RETURN
000284	09F0	COMF SYSBYTETEMPX,F
000285	0008	RETURN


		SYSCOMPLESSTHAN
000286	01F0	CLRF SYSBYTETEMPX
000287	1403	BSF STATUS, C
000288	0879	MOVF SYSBYTETEMPB, W
000289	0275	SUBWF SYSBYTETEMPA, W
00028A	1C03	BTFSS STATUS, C
00028B	09F0	COMF SYSBYTETEMPX,F
00028C	0008	RETURN


		SYSDIVSUB
00028D	08F9	MOVF SYSBYTETEMPB, F
00028E	1903	BTFSC STATUS, Z
00028F	0008	RETURN
000290	01F0	CLRF SYSBYTETEMPX
000291	3008	MOVLW 8
000292	00F4	MOVWF SYSDIVLOOP
		SYSDIV8START
000293	1003	BCF STATUS, C
000294	0DF5	RLF SYSBYTETEMPA, F
000295	0DF0	RLF SYSBYTETEMPX, F
000296	0879	MOVF SYSBYTETEMPB, W
000297	02F0	SUBWF SYSBYTETEMPX, F
000298	1475	BSF SYSBYTETEMPA, 0
000299	1803	BTFSC STATUS, C
00029A	2A9E	GOTO DIV8NOTNEG
00029B	1075	BCF SYSBYTETEMPA, 0
00029C	0879	MOVF SYSBYTETEMPB, W
00029D	07F0	ADDWF SYSBYTETEMPX, F
		DIV8NOTNEG
00029E	0BF4	DECFSZ SYSDIVLOOP, F
00029F	2A93	GOTO SYSDIV8START
0002A0	0008	RETURN


		SYSDIVSUB16
0002A1	0875	MOVF SYSWORDTEMPA,W
0002A2	00F7	MOVWF SYSDIVMULTA
0002A3	0876	MOVF SYSWORDTEMPA_H,W
0002A4	00F8	MOVWF SYSDIVMULTA_H
0002A5	0879	MOVF SYSWORDTEMPB,W
0002A6	00FB	MOVWF SYSDIVMULTB
0002A7	087A	MOVF SYSWORDTEMPB_H,W
0002A8	00FC	MOVWF SYSDIVMULTB_H
0002A9	01F2	CLRF SYSDIVMULTX
0002AA	01F3	CLRF SYSDIVMULTX_H
0002AB	087B	MOVF SYSDIVMULTB,W
0002AC	00F5	MOVWF SYSWORDTEMPA
0002AD	087C	MOVF SYSDIVMULTB_H,W
0002AE	00F6	MOVWF SYSWORDTEMPA_H
0002AF	01F9	CLRF SYSWORDTEMPB
0002B0	01FA	CLRF SYSWORDTEMPB_H
0002B1	227B	CALL SYSCOMPEQUAL16
0002B2	1C70	BTFSS SYSBYTETEMPX,0
0002B3	2AB7	GOTO ENDIF22
0002B4	01F5	CLRF SYSWORDTEMPA
0002B5	01F6	CLRF SYSWORDTEMPA_H
0002B6	0008	RETURN
		ENDIF22
0002B7	3010	MOVLW 16
0002B8	00F4	MOVWF SYSDIVLOOP
		SYSDIV16START
0002B9	1003	BCF STATUS,C
0002BA	0DF7	RLF SYSDIVMULTA,F
0002BB	0DF8	RLF SYSDIVMULTA_H,F
0002BC	0DF2	RLF SYSDIVMULTX,F
0002BD	0DF3	RLF SYSDIVMULTX_H,F
0002BE	087B	MOVF SYSDIVMULTB,W
0002BF	02F2	SUBWF SYSDIVMULTX,F
0002C0	087C	MOVF SYSDIVMULTB_H,W
0002C1	1C03	BTFSS STATUS,C
0002C2	0F7C	INCFSZ SYSDIVMULTB_H,W
0002C3	02F3	SUBWF SYSDIVMULTX_H,F
0002C4	1477	BSF SYSDIVMULTA,0
0002C5	1803	BTFSC STATUS,C
0002C6	2ACE	GOTO ENDIF23
0002C7	1077	BCF SYSDIVMULTA,0
0002C8	087B	MOVF SYSDIVMULTB,W
0002C9	07F2	ADDWF SYSDIVMULTX,F
0002CA	087C	MOVF SYSDIVMULTB_H,W
0002CB	1803	BTFSC STATUS,C
0002CC	0F7C	INCFSZ SYSDIVMULTB_H,W
0002CD	07F3	ADDWF SYSDIVMULTX_H,F
		ENDIF23
0002CE	0BF4	DECFSZ SYSDIVLOOP, F
0002CF	2AB9	GOTO SYSDIV16START
0002D0	0877	MOVF SYSDIVMULTA,W
0002D1	00F5	MOVWF SYSWORDTEMPA
0002D2	0878	MOVF SYSDIVMULTA_H,W
0002D3	00F6	MOVWF SYSWORDTEMPA_H
0002D4	0872	MOVF SYSDIVMULTX,W
0002D5	00F0	MOVWF SYSWORDTEMPX
0002D6	0873	MOVF SYSDIVMULTX_H,W
0002D7	00F1	MOVWF SYSWORDTEMPX_H
0002D8	0008	RETURN


		SYSMULTSUB
0002D9	01F0	CLRF SYSBYTETEMPX
		MUL8LOOP
0002DA	0875	MOVF SYSBYTETEMPA, W
0002DB	1879	BTFSC SYSBYTETEMPB, 0
0002DC	07F0	ADDWF SYSBYTETEMPX, F
0002DD	1003	BCF STATUS, C
0002DE	0CF9	RRF SYSBYTETEMPB, F
0002DF	1003	BCF STATUS, C
0002E0	0DF5	RLF SYSBYTETEMPA, F
0002E1	08F9	MOVF SYSBYTETEMPB, F
0002E2	1D03	BTFSS STATUS, Z
0002E3	2ADA	GOTO MUL8LOOP
0002E4	0008	RETURN


		SYSREADSTRING
0002E5	0872	MOVF SYSSTRINGB, W
0002E6	0084	MOVWF FSR
0002E7	1383	BCF STATUS, IRP
0002E8	1873	BTFSC SYSSTRINGB_H, 0
0002E9	1783	BSF STATUS, IRP
0002EA	2301	CALL SYSSTRINGTABLES
0002EB	00F5	MOVWF SYSCALCTEMPA
0002EC	0080	MOVWF INDF
0002ED	07F2	ADDWF SYSSTRINGB, F
0002EE	2AF8	GOTO SYSSTRINGREADCHECK
		SYSREADSTRINGPART
0002EF	0872	MOVF SYSSTRINGB, W
0002F0	0084	MOVWF FSR
0002F1	1383	BCF STATUS, IRP
0002F2	1873	BTFSC SYSSTRINGB_H, 0
0002F3	1783	BSF STATUS, IRP
0002F4	2301	CALL SYSSTRINGTABLES
0002F5	00F5	MOVWF SYSCALCTEMPA
0002F6	07F6	ADDWF SYSSTRINGLENGTH,F
0002F7	07F2	ADDWF SYSSTRINGB,F
		SYSSTRINGREADCHECK
0002F8	08F5	MOVF SYSCALCTEMPA,F
0002F9	1903	BTFSC STATUS,Z
0002FA	0008	RETURN
		SYSSTRINGREAD
0002FB	2301	CALL SYSSTRINGTABLES
0002FC	0A84	INCF FSR, F
0002FD	0080	MOVWF INDF
0002FE	0BF5	DECFSZ SYSCALCTEMPA, F
0002FF	2AFB	GOTO SYSSTRINGREAD
000300	0008	RETURN


		SYSSTRINGTABLES
000301	0878	MOVF SYSSTRINGA_H,W
000302	008A	MOVWF PCLATH
000303	0877	MOVF SYSSTRINGA,W
000304	0AF7	INCF SYSSTRINGA,F
000305	1903	BTFSC STATUS,Z
000306	0AF8	INCF SYSSTRINGA_H,F
000307	0082	MOVWF PCL

		STRINGTABLE1
000308	3407	RETLW 7
000309	3446	RETLW 70
00030A	3472	RETLW 114
00030B	346F	RETLW 111
00030C	346E	RETLW 110
00030D	3474	RETLW 116
00030E	343A	RETLW 58
00030F	3420	RETLW 32


		STRINGTABLE2
000310	3406	RETLW 6
000311	344C	RETLW 76
000312	3465	RETLW 101
000313	3466	RETLW 102
000314	3474	RETLW 116
000315	343A	RETLW 58
000316	3420	RETLW 32


		STRINGTABLE3
000317	3407	RETLW 7
000318	3452	RETLW 82
000319	3465	RETLW 101
00031A	3476	RETLW 118
00031B	3465	RETLW 101
00031C	3472	RETLW 114
00031D	3473	RETLW 115
00031E	3465	RETLW 101



		TURNLEFT
00031F	1106	BCF PORTB,2
000320	1606	BSF PORTB,4
000321	3005	MOVLW 5
000322	00F2	MOVWF SYSWAITTEMPMS
000323	01F3	CLRF SYSWAITTEMPMS_H
000324	2101	CALL DELAY_MS
000325	1506	BSF PORTB,2
000326	1606	BSF PORTB,4
000327	3005	MOVLW 5
000328	00F2	MOVWF SYSWAITTEMPMS
000329	01F3	CLRF SYSWAITTEMPMS_H
00032A	2101	CALL DELAY_MS
00032B	0008	RETURN


		TURNLEFTSHARP
00032C	1106	BCF PORTB,2
00032D	1606	BSF PORTB,4
00032E	300F	MOVLW 15
00032F	00F2	MOVWF SYSWAITTEMPMS
000330	01F3	CLRF SYSWAITTEMPMS_H
000331	2101	CALL DELAY_MS
000332	1506	BSF PORTB,2
000333	1606	BSF PORTB,4
000334	3001	MOVLW 1
000335	00F2	MOVWF SYSWAITTEMPMS
000336	01F3	CLRF SYSWAITTEMPMS_H
000337	2101	CALL DELAY_MS
000338	0008	RETURN


		TURNRIGHT
000339	1506	BSF PORTB,2
00033A	1206	BCF PORTB,4
00033B	3005	MOVLW 5
00033C	00F2	MOVWF SYSWAITTEMPMS
00033D	01F3	CLRF SYSWAITTEMPMS_H
00033E	2101	CALL DELAY_MS
00033F	1506	BSF PORTB,2
000340	1606	BSF PORTB,4
000341	3005	MOVLW 5
000342	00F2	MOVWF SYSWAITTEMPMS
000343	01F3	CLRF SYSWAITTEMPMS_H
000344	2101	CALL DELAY_MS
000345	0008	RETURN
000346	0008	RETURN





